566
29 99889
206 99829
434 455
663 99769
710 99112
962 2054
975 1703
1291 1445
1501 1681
1727 2018
2074 99109
2092 99100
2154 97192
2236 2914
2286 2847
2426 2653
2979 96904
2981 96901
3091 96900
3311 96854
3362 94542
3585 94479
3657 94394
3889 94314
4128 86277
4156 4206
4223 86023
4242 85797
4334 85506
4503 85500
4517 85480
4687 85477
4714 85456
4764 85122
4824 6506
4867 4871
5063 6455
5074 5896
5287 5566
5623 5812
5942 6263
6777 85105
6841 84965
6871 84794
7008 84785
7265 82031
7283 7287
7333 81897
7335 81759
7451 81758
7586 8278
7717 8241
7848 7981
8371 9132
8387 8431
8473 9030
8691 8869
9206 9389
9457 81670
9495 81608
9602 81446
9698 81272
9720 81248
9726 9814
9843 81235
10024 81095
10109 17198
10116 10239
10274 16928
10462 16584
10493 16544
10521 16391
10559 16035
10638 15967
10683 10995
10798 10966
11057 11149
11182 15942
11183 15831
11256 15689
11295 15282
11314 14940
11336 14852
11416 11755
11417 11451
11465 11752
11876 14808
11985 14795
12224 14738
12240 14726
12257 14402
12292 14388
12322 13442
12361 12690
12465 12629
12710 13293
12721 13085
13683 13884
13905 14298
15252 15278
15291 15677
15322 15365
16061 16376
16604 16742
16932 17109
17236 81057
17280 80622
17317 80414
17326 80401
17337 18014
17353 17678
17392 17636
17737 17747
18076 80336
18138 18523
18198 18509
18543 79269
18588 79100
18844 19009
19128 19259
19278 79064
19327 19555
19581 78804
19654 78792
19798 75730
19907 75536
19970 75083
20190 75060
20230 75044
20313 74025
20315 74004
20515 21002
20536 20893
20573 20832
21082 73975
21089 21166
21113 21142
21211 23086
21258 21532
21556 23066
21560 22970
21577 22862
21616 21821
21900 22033
22226 22339
22384 22832
22511 22705
23139 73924
23185 73792
23239 23421
23393 23409
23462 73723
23477 73684
23480 72918
23666 72775
23683 72745
23733 72252
23782 72215
23816 72028
23822 71948
23848 71162
23965 71146
24107 26240
24158 26128
24161 26106
24297 24416
24434 25863
24447 25726
24597 24770
24783 24787
24880 25678
25038 25073
25199 25516
25399 25405
25602 25611
26268 26295
26309 71081
26529 71059
26617 48431
26652 48187
26723 47904
26746 26776
26878 47814
27056 47735
27106 47729
27138 47724
27416 47508
27639 27687
27805 47265
27936 47255
27957 47244
27995 47221
28114 47111
28154 28225
28359 47021
28371 46993
28552 28562
28818 46985
28868 28922
28932 29807
28992 29766
29110 29340
29289 29310
29708 29746
29865 46980
29930 46793
29955 46355
29958 46118
30005 45999
30073 45947
30160 45928
30412 45851
30545 45714
30614 30646
30656 45667
30785 45664
30812 30860
30869 38951
30920 30942
31118 38561
31122 38459
31157 38066
31304 37688
31306 37607
31319 37513
31357 37211
31425 37198
31557 37035
31632 31793
31644 31786
31850 34317
32008 34311
32051 34303
32144 34298
32198 33580
32201 33510
32343 33422
32353 33316
32493 33131
32661 33108
32711 33096
33146 33303
33651 33908
34020 34167
34221 34260
34410 36944
34497 36459
34529 35273
34588 34963
34600 34914
34620 34682
34712 34755
34781 34795
35361 36337
35365 36156
35435 36127
35563 35997
35753 35876
36555 36935
37692 37927
38082 38253
38427 38441
38595 38625
38669 38697
38985 45552
39026 45447
39082 45121
39177 45090
39196 45031
39291 45024
39294 43790
39459 43765
39502 43546
39520 43400
39741 40169
39855 40162
39977 40093
40259 42469
40281 40418
40488 40997
40541 40661
40724 40892
41016 41294
41396 41832
41566 41601
41850 42460
41874 42388
42005 42359
42490 43348
42514 43266
42524 42946
42575 42938
43858 45014
43889 44118
44189 44375
44442 44995
44822 44991
46383 46444
46458 46619
46637 46767
47336 47444
47510 47616
47736 47812
47943 48119
48223 48326
48471 70958
48546 49396
48643 49303
48706 48851
48983 49084
49477 70911
49534 53247
49556 53236
49626 52461
49634 52305
49641 51471
49700 49707
49778 51443
50028 50423
50045 50341
50644 50825
50903 51302
50922 51251
51513 52197
51587 52154
51754 51996
52509 53101
52560 53077
53310 70907
53376 70729
53378 53695
53744 70699
53748 53890
53902 70657
53974 53983
54147 70598
54228 70434
54247 70390
54603 70289
54666 70136
54670 54826
54936 69919
54938 69866
55086 69763
55148 69605
55309 69574
55523 63900
55544 63795
55545 55812
55662 55751
55855 63606
55944 57271
56061 57252
56294 56329
56330 57021
56390 56936
57124 57201
57329 63545
57385 58551
57528 58537
57557 58465
57588 58449
57591 58203
57657 58178
58289 58374
58580 62184
58587 58808
58961 62096
59045 59181
59191 59284
59326 61969
59333 61830
59379 61771
59432 61430
59435 61427
59458 59518
59649 59795
59708 59783
59868 60669
59993 60421
60163 60267
60679 60987
60687 60833
60695 60821
61013 61141
61142 61420
61278 61288
61515 61673
62352 63469
62369 63410
62486 63364
62896 63159
63630 63757
63911 69545
64028 64521
64261 64483
64556 69476
64652 69009
64742 64843
64873 68836
64941 64952
64963 68696
65048 65171
65228 67223
65246 67153
65342 66811
65355 66363
65362 66342
65661 66133
65736 65797
66047 66054
66372 66757
66521 66650
66896 67136
66967 67056
67061 67108
67238 68611
67252 68198
67388 67843
67442 67467
67543 67798
67848 68002
68020 68121
68273 68423
68942 69001
69024 69447
69060 69427
69692 69730
70291 70350
70436 70569
70766 70809
71244 71583
71245 71513
72054 72157
72265 72607
72963 73446
73078 73229
73498 73648
74226 75017
74266 74789
74278 74337
74382 74520
74705 74746
75116 75466
75629 75697
75776 78709
75832 78661
75849 75863
75870 78186
75882 78162
76005 77944
76059 76852
76086 76799
76438 76761
76511 76663
76538 76612
76901 77772
76908 77390
76946 77373
77059 77220
77461 77524
77559 77710
77796 77937
78194 78345
78832 79033
78994 79011
79273 79818
79386 79780
79620 79761
79931 80081
79972 80017
80115 80297
80355 80395
80423 80581
80770 80950
81285 81346
81798 81843
82062 82070
82105 84698
82174 84666
82472 84578
82493 82643
82645 82795
82811 84567
82900 84223
82927 83071
83136 84025
83165 83598
83625 83690
83710 84017
84248 84432
84741 84772
84818 84898
85124 85325
85814 85890
86044 86080
86111 86230
86278 93987
86294 93133
86360 93059
86439 93012
86534 86580
86615 88555
86675 87016
86686 86771
87022 88029
87115 88019
87177 87262
87433 87895
87918 88017
88052 88327
88392 88526
88568 92939
88572 90411
88590 88673
88751 89034
88795 88952
89211 89381
89418 90359
89464 90153
89557 89798
89745 89786
89804 90085
90424 92843
90439 92723
90446 92579
90703 91891
90706 90903
90772 90775
90982 91257
91172 91215
91283 91342
91359 91667
91929 92570
92047 92489
92073 92214
93357 93611
93461 93519
93620 93978
93716 93942
94061 94247
94625 96847
94627 94735
94785 96281
94852 95185
95059 95176
95267 96194
95363 95469
95476 95504
95524 96048
95683 96011
96338 96833
96921 97167
97199 99068
97478 97534
97540 98895
97571 97952
97688 97806
97963 98356
98398 98848
98399 98704
99046 99062
99087 99095
99157 99699
99168 99249
99458 99677
